<?xml version="1.0" encoding="UTF-8"?>
<coverage generated="1554355929195" clover="3.2.0">
  <project timestamp="1554355929196" name="All files">
    <metrics statements="34" coveredstatements="33" conditionals="0" coveredconditionals="0" methods="13" coveredmethods="13" elements="47" coveredelements="46" complexity="0" loc="34" ncloc="34" packages="1" files="8" classes="8"/>
    <file name="App.jsx" path="/Users/vickie/Documents/Github/ratings_history_module/client/src/components/App.jsx">
      <metrics statements="2" coveredstatements="2" conditionals="0" coveredconditionals="0" methods="1" coveredmethods="1"/>
      <line num="5" count="1" type="stmt"/>
      <line num="6" count="1" type="stmt"/>
    </file>
    <file name="DataBarChart.jsx" path="/Users/vickie/Documents/Github/ratings_history_module/client/src/components/DataBarChart.jsx">
      <metrics statements="9" coveredstatements="9" conditionals="0" coveredconditionals="0" methods="2" coveredmethods="2"/>
      <line num="5" count="1" type="stmt"/>
      <line num="6" count="1" type="stmt"/>
      <line num="7" count="1" type="stmt"/>
      <line num="8" count="1" type="stmt"/>
      <line num="9" count="1" type="stmt"/>
      <line num="10" count="1" type="stmt"/>
      <line num="11" count="1" type="stmt"/>
      <line num="12" count="1" type="stmt"/>
      <line num="16" count="1" type="stmt"/>
    </file>
    <file name="DataSpotlight.jsx" path="/Users/vickie/Documents/Github/ratings_history_module/client/src/components/DataSpotlight.jsx">
      <metrics statements="7" coveredstatements="7" conditionals="0" coveredconditionals="0" methods="2" coveredmethods="2"/>
      <line num="5" count="1" type="stmt"/>
      <line num="6" count="1" type="stmt"/>
      <line num="7" count="1" type="stmt"/>
      <line num="8" count="1" type="stmt"/>
      <line num="9" count="1" type="stmt"/>
      <line num="10" count="1" type="stmt"/>
      <line num="14" count="1" type="stmt"/>
    </file>
    <file name="HistoryApp.jsx" path="/Users/vickie/Documents/Github/ratings_history_module/client/src/components/HistoryApp.jsx">
      <metrics statements="3" coveredstatements="3" conditionals="0" coveredconditionals="0" methods="2" coveredmethods="2"/>
      <line num="6" count="1" type="stmt"/>
      <line num="7" count="1" type="stmt"/>
      <line num="44" count="1" type="stmt"/>
    </file>
    <file name="Purchase.jsx" path="/Users/vickie/Documents/Github/ratings_history_module/client/src/components/Purchase.jsx">
      <metrics statements="6" coveredstatements="5" conditionals="0" coveredconditionals="0" methods="2" coveredmethods="2"/>
      <line num="6" count="1" type="stmt"/>
      <line num="7" count="1" type="stmt"/>
      <line num="11" count="1" type="stmt"/>
      <line num="12" count="1" type="stmt"/>
      <line num="13" count="0" type="stmt"/>
      <line num="24" count="3" type="stmt"/>
    </file>
    <file name="RatingsApp.jsx" path="/Users/vickie/Documents/Github/ratings_history_module/client/src/components/RatingsApp.jsx">
      <metrics statements="3" coveredstatements="3" conditionals="0" coveredconditionals="0" methods="2" coveredmethods="2"/>
      <line num="9" count="1" type="stmt"/>
      <line num="10" count="1" type="stmt"/>
      <line num="25" count="1" type="stmt"/>
    </file>
    <file name="Review.jsx" path="/Users/vickie/Documents/Github/ratings_history_module/client/src/components/Review.jsx">
      <metrics statements="2" coveredstatements="2" conditionals="0" coveredconditionals="0" methods="1" coveredmethods="1"/>
      <line num="3" count="4" type="stmt"/>
      <line num="4" count="1" type="stmt"/>
    </file>
    <file name="ReviewList.jsx" path="/Users/vickie/Documents/Github/ratings_history_module/client/src/components/ReviewList.jsx">
      <metrics statements="2" coveredstatements="2" conditionals="0" coveredconditionals="0" methods="1" coveredmethods="1"/>
      <line num="4" count="3" type="stmt"/>
      <line num="5" count="1" type="stmt"/>
    </file>
  </project>
</coverage>
